{
  "RSpec": {
    "coverage": {
      "/Users/Gnalp/Documents/makers-academy/Projects/oystercard/spec/feature_spec.rb": [
        1,
        null,
        1,
        1,
        1,
        null,
        1,
        null,
        1,
        1,
        null,
        1,
        1
      ],
      "/Users/Gnalp/Documents/makers-academy/Projects/oystercard/lib/oystercard.rb": [
        null,
        1,
        1,
        null,
        1,
        1,
        1,
        null,
        1,
        15,
        15,
        15,
        null,
        null,
        1,
        9,
        8,
        null,
        null,
        1,
        8,
        7,
        6,
        6,
        null,
        null,
        1,
        3,
        2,
        2,
        null,
        null,
        1,
        2,
        null,
        null,
        1,
        9,
        null,
        null,
        1,
        null,
        1,
        2,
        null,
        null
      ],
      "/Users/Gnalp/Documents/makers-academy/Projects/oystercard/spec/oystercard_spec.rb": [
        1,
        null,
        1,
        14,
        7,
        null,
        1,
        1,
        1,
        null,
        null,
        1,
        1,
        1,
        null,
        null,
        1,
        1,
        null,
        null,
        1,
        1,
        null,
        null,
        null,
        1,
        1,
        4,
        null,
        null,
        1,
        1,
        1,
        1,
        2,
        null,
        null,
        null,
        1,
        1,
        1,
        1,
        null,
        null,
        1,
        1,
        1,
        1,
        2,
        null,
        null,
        1,
        1,
        2,
        null,
        null,
        1,
        1,
        1,
        1,
        null,
        null,
        1,
        1,
        1,
        1,
        null,
        null,
        null,
        1,
        1,
        1,
        1,
        1,
        null,
        null,
        1,
        1,
        2,
        null,
        null,
        null,
        1,
        1,
        1,
        null,
        null,
        null
      ]
    },
    "timestamp": 1499870928
  }
}
