{
  "RSpec": {
    "coverage": {
      "/Users/Gnalp/Documents/makers-academy/Projects/oystercard/spec/feature_spec.rb": [
        1,
        null,
        1,
        1,
        1,
        1,
        1,
        1,
        null,
        1,
        1,
        null,
        1,
        1,
        null,
        1
      ],
      "/Users/Gnalp/Documents/makers-academy/Projects/oystercard/lib/oystercard.rb": [
        1,
        1,
        null,
        null,
        1,
        1,
        null,
        1,
        1,
        1,
        null,
        1,
        15,
        15,
        15,
        null,
        null,
        1,
        3,
        2,
        null,
        null,
        1,
        10,
        9,
        null,
        null,
        1,
        6,
        6,
        6,
        null,
        null,
        1,
        5,
        null,
        null,
        1,
        3,
        null,
        null,
        1,
        null,
        1,
        6,
        null,
        null
      ],
      "/Users/Gnalp/Documents/makers-academy/Projects/oystercard/lib/station.rb": [
        1,
        null,
        1,
        null,
        1,
        6,
        6,
        null,
        null
      ],
      "/Users/Gnalp/Documents/makers-academy/Projects/oystercard/lib/journey.rb": [
        1,
        null,
        1,
        null,
        1,
        2,
        2,
        null,
        null
      ],
      "/Users/Gnalp/Documents/makers-academy/Projects/oystercard/spec/journey_spec.rb": [
        1,
        null,
        1,
        3,
        1,
        1,
        null,
        1,
        1,
        1,
        null,
        null,
        1,
        1,
        null,
        null,
        null
      ],
      "/Users/Gnalp/Documents/makers-academy/Projects/oystercard/spec/oystercard_spec.rb": [
        1,
        null,
        1,
        13,
        2,
        8,
        2,
        2,
        null,
        1,
        1,
        1,
        null,
        null,
        1,
        1,
        1,
        null,
        null,
        1,
        1,
        null,
        null,
        1,
        1,
        null,
        null,
        null,
        1,
        1,
        4,
        null,
        null,
        1,
        1,
        1,
        1,
        2,
        null,
        null,
        null,
        1,
        1,
        1,
        null,
        null,
        1,
        1,
        2,
        null,
        null,
        1,
        1,
        1,
        null,
        null,
        null,
        1,
        1,
        1,
        1,
        null,
        null,
        1,
        1,
        1,
        1,
        null,
        null,
        1,
        1,
        1,
        1,
        null,
        null,
        null,
        1,
        1,
        4,
        null,
        null,
        1,
        1,
        4,
        null,
        null,
        null
      ],
      "/Users/Gnalp/Documents/makers-academy/Projects/oystercard/spec/station_spec.rb": [
        1,
        null,
        1,
        3,
        null,
        1,
        1,
        1,
        null,
        null,
        1,
        1,
        null,
        null,
        null
      ]
    },
    "timestamp": 1499948677
  }
}
